06-30-2022 08:33:52 : INFO : logger : Successfully Instantiated Outlier Class Object
06-30-2022 08:34:01 : INFO : logger : Missing value of the dataset calculated
06-30-2022 08:34:08 : INFO : logger : Number of duplicated fields calculated
06-30-2022 08:34:20 : INFO : logger : Skewness calculated
06-30-2022 08:47:25 : INFO : logger : Missing columns are: Index([], dtype='object')
06-30-2022 08:48:04 : INFO : logger : Missing columns are: Index(['Unnamed: 32'], dtype='object')
06-30-2022 08:48:32 : INFO : logger : Missing value of the dataset calculated
06-30-2022 08:49:35 : INFO : logger : Missing value of the dataset calculated
06-30-2022 08:49:46 : INFO : logger : Missing value of the dataset calculated
06-30-2022 08:49:54 : INFO : logger : Missing columns are: Index(['Unnamed: 32'], dtype='object')
06-30-2022 08:49:59 : INFO : logger : Missing value of the dataset calculated
06-30-2022 09:54:09 : INFO : logger : Dropping column: id
06-30-2022 09:54:09 : INFO : logger : Dropped column: id
06-30-2022 09:54:48 : INFO : logger : Dropping column: id
06-30-2022 09:54:59 : INFO : logger : Successfully Instantiated Outlier Class Object
06-30-2022 09:54:59 : INFO : logger : Successfully Instantiated Outlier Class Object
06-30-2022 09:54:59 : INFO : logger : Successfully Instantiated Outlier Class Object
06-30-2022 09:55:05 : INFO : logger : Missing value of the dataset calculated
06-30-2022 09:55:05 : INFO : logger : Missing value of the dataset calculated
06-30-2022 09:55:09 : INFO : logger : Number of duplicated fields calculated
06-30-2022 09:55:09 : INFO : logger : Number of duplicated fields calculated
06-30-2022 09:55:22 : INFO : logger : Missing columns are: Index(['Unnamed: 32'], dtype='object')
06-30-2022 09:55:22 : INFO : logger : Missing columns are: Index(['Unnamed: 32'], dtype='object')
06-30-2022 09:55:26 : INFO : logger : Missing value of the dataset calculated
06-30-2022 09:55:26 : INFO : logger : Missing value of the dataset calculated
06-30-2022 09:55:33 : INFO : logger : Dropping column: id
06-30-2022 09:55:33 : INFO : logger : Dropping column: id
06-30-2022 09:55:33 : INFO : logger : Dropped column: id
06-30-2022 09:55:33 : INFO : logger : Dropped column: id
06-30-2022 10:26:24 : INFO : logger : Plotting multiple histogram
06-30-2022 10:26:24 : INFO : logger : Plotting multiple histogram
06-30-2022 10:26:47 : INFO : logger : Plotting multiple histogram
06-30-2022 10:26:47 : INFO : logger : Plotting multiple histogram
06-30-2022 10:27:34 : INFO : logger : Plotting multiple histogram
06-30-2022 10:27:34 : INFO : logger : Plotting multiple histogram
06-30-2022 10:35:13 : INFO : logger : Plotting multiple histogram
06-30-2022 10:35:13 : INFO : logger : Plotting multiple histogram
06-30-2022 10:35:37 : INFO : logger : Plotting multiple histogram
06-30-2022 10:35:37 : INFO : logger : Plotting multiple histogram
06-30-2022 10:36:16 : INFO : logger : Plotting multiple histogram
06-30-2022 10:36:16 : INFO : logger : Plotting multiple histogram
06-30-2022 10:38:15 : INFO : logger : Plotting multiple histogram
06-30-2022 10:38:15 : INFO : logger : Plotting multiple histogram
06-30-2022 10:39:00 : INFO : logger : Plotting multiple histogram
06-30-2022 10:39:00 : INFO : logger : Plotting multiple histogram
06-30-2022 10:40:46 : INFO : logger : Plotting multiple histogram
06-30-2022 10:40:46 : INFO : logger : Plotting multiple histogram
06-30-2022 10:41:02 : INFO : logger : Plotting multiple histogram
06-30-2022 10:41:02 : INFO : logger : Plotting multiple histogram
06-30-2022 10:41:11 : INFO : logger : Plotting multiple histogram
06-30-2022 10:41:11 : INFO : logger : Plotting multiple histogram
06-30-2022 10:41:28 : INFO : logger : Plotting multiple histogram
06-30-2022 10:41:28 : INFO : logger : Plotting multiple histogram
06-30-2022 10:53:17 : INFO : logger : Successfully Instantiated Outlier Class Object
06-30-2022 10:53:25 : INFO : logger : Number of duplicated fields calculated
06-30-2022 10:53:38 : INFO : logger : Missing columns are: Index(['Unnamed: 32'], dtype='object')
06-30-2022 10:53:41 : INFO : logger : Missing value of the dataset calculated
06-30-2022 10:53:47 : INFO : logger : Dropping column: id
06-30-2022 10:53:47 : INFO : logger : Dropped column: id
06-30-2022 10:53:50 : INFO : logger : Plotting multiple histogram
06-30-2022 11:16:16 : INFO : logger : Plotting a plot_count
06-30-2022 11:17:09 : INFO : logger : Plotting a plot_count
06-30-2022 15:33:27 : INFO : logger : Successfully Instantiated Outlier Class Object
06-30-2022 15:36:05 : INFO : logger : Number of duplicated fields calculated
06-30-2022 15:36:10 : INFO : logger : Skewness calculated
06-30-2022 15:36:20 : INFO : logger : Missing columns are: Index(['Unnamed: 32'], dtype='object')
06-30-2022 15:36:24 : INFO : logger : Missing value of the dataset calculated
06-30-2022 15:36:31 : INFO : logger : Dropping column: id
06-30-2022 15:36:31 : INFO : logger : Dropped column: id
06-30-2022 15:36:34 : INFO : logger : Plotting multiple histogram
06-30-2022 15:36:38 : INFO : logger : Plotting a plot_count
06-30-2022 16:07:15 : INFO : logger : Selected correlated variables
06-30-2022 16:07:25 : INFO : logger : Selected correlated variables
06-30-2022 16:08:01 : INFO : logger : Selected correlated variables
06-30-2022 16:08:40 : INFO : logger : Selected correlated variables
06-30-2022 16:08:46 : INFO : logger : Selected correlated variables
06-30-2022 16:08:53 : INFO : logger : Selected correlated variables
06-30-2022 16:09:09 : INFO : logger : Selected correlated variables
06-30-2022 17:12:28 : INFO : logger : Plotting multiple histogram
06-30-2022 17:13:33 : INFO : logger : Plotting multiple histogram
06-30-2022 17:14:30 : INFO : logger : Plotting multiple histogram
06-30-2022 17:20:21 : INFO : logger : Plotting multiple histogram
06-30-2022 17:21:22 : INFO : logger : Plotting multiple histogram
06-30-2022 17:21:45 : INFO : logger : Plotting multiple histogram
06-30-2022 17:22:01 : INFO : logger : Plotting multiple histogram
06-30-2022 17:29:34 : INFO : logger : Successfully Instantiated Outlier Class Object
06-30-2022 17:29:48 : INFO : logger : Missing value of the dataset calculated
06-30-2022 17:29:58 : INFO : logger : Number of duplicated fields calculated
06-30-2022 17:30:15 : INFO : logger : Skewness calculated
06-30-2022 17:30:24 : INFO : logger : Missing columns are: Index(['Unnamed: 32'], dtype='object')
06-30-2022 17:30:30 : INFO : logger : Missing value of the dataset calculated
06-30-2022 17:30:40 : INFO : logger : Dropping column: id
06-30-2022 17:30:40 : INFO : logger : Dropped column: id
06-30-2022 17:30:46 : INFO : logger : Plotting multiple histogram
06-30-2022 17:30:51 : INFO : logger : Plotting multiple histogram
06-30-2022 17:30:56 : INFO : logger : Plotting multiple histogram
06-30-2022 17:31:04 : INFO : logger : Plotting a plot_count
06-30-2022 18:54:34 : INFO : logger : Number of duplicated fields calculated
06-30-2022 18:54:44 : INFO : logger : Missing columns are: Index(['Unnamed: 32'], dtype='object')
06-30-2022 18:54:49 : INFO : logger : Missing value of the dataset calculated
06-30-2022 18:54:57 : INFO : logger : Dropping column: id
06-30-2022 18:54:57 : INFO : logger : Dropped column: id
06-30-2022 19:43:52 : INFO : logger : Successfully Instantiated Outlier Class Object
06-30-2022 19:43:58 : INFO : logger : Missing value of the dataset calculated
06-30-2022 19:44:02 : INFO : logger : Number of duplicated fields calculated
06-30-2022 19:44:11 : INFO : logger : Skewness calculated
06-30-2022 19:44:17 : INFO : logger : Dropping column: id
06-30-2022 19:44:17 : INFO : logger : Dropped column: id
06-30-2022 19:44:24 : INFO : logger : Plotting a plot_count
06-30-2022 19:44:48 : INFO : logger : Plotting a plot_count
06-30-2022 20:25:42 : INFO : logger : Successfully Instantiated Outlier Class Object
06-30-2022 20:26:45 : INFO : logger : Missing value of the dataset calculated
06-30-2022 22:41:08 : INFO : logger : Successfully Instantiated load_data Class Object
06-30-2022 22:41:08 : INFO : logger : Successfully Instantiated Preprocessing Class Object
06-30-2022 22:41:14 : INFO : logger : Successfully Instantiated load_data Class Object
06-30-2022 22:41:14 : INFO : logger : Successfully Instantiated Preprocessing Class Object
06-30-2022 22:41:36 : INFO : logger : Successfully Instantiated load_data Class Object
06-30-2022 22:41:36 : INFO : logger : Successfully Instantiated Preprocessing Class Object
06-30-2022 22:41:36 : INFO : logger : Successfully Instantiated Model Class Object
07-01-2022 08:38:34 : INFO : logger : Successfully Instantiated Outlier Class Object
07-01-2022 08:38:56 : INFO : logger : Missing value of the dataset calculated
07-01-2022 17:46:21 : INFO : logger : Successfully Instantiated Outlier Class Object
07-01-2022 17:46:27 : INFO : logger : Missing value of the dataset calculated
07-01-2022 17:46:38 : INFO : logger : Missing value of the dataset calculated
07-01-2022 17:46:39 : INFO : logger : Missing value of the dataset calculated
07-01-2022 17:46:39 : INFO : logger : Missing value of the dataset calculated
07-01-2022 17:46:40 : INFO : logger : Missing value of the dataset calculated
07-01-2022 17:46:40 : INFO : logger : Missing value of the dataset calculated
07-01-2022 17:48:29 : INFO : logger : Missing value of the dataset calculated
07-01-2022 19:05:24 : INFO : logger : Missing value of the dataset calculated
07-01-2022 20:58:49 : INFO : logger : Successfully Instantiated Outlier Class Object
07-01-2022 20:58:53 : INFO : logger : Missing value of the dataset calculated
07-01-2022 21:00:41 : INFO : logger : Plotting multiple histogram
07-01-2022 21:10:09 : INFO : logger : Successfully Instantiated Outlier Class Object
07-01-2022 21:10:14 : INFO : logger : Missing value of the dataset calculated
07-01-2022 21:10:53 : INFO : logger : Successfully Instantiated Outlier Class Object
07-01-2022 21:11:05 : INFO : logger : Plotting a plot_count
07-01-2022 22:58:51 : INFO : logger : Successfully Instantiated Outlier Class Object
07-01-2022 22:59:09 : INFO : logger : Missing value of the dataset calculated
07-01-2022 23:15:02 : INFO : logger : Successfully Instantiated Outlier Class Object
07-01-2022 23:15:07 : INFO : logger : Missing value of the dataset calculated
07-01-2022 23:26:47 : INFO : logger : Successfully Instantiated Outlier Class Object
07-01-2022 23:26:55 : INFO : logger : Missing value of the dataset calculated
07-01-2022 23:36:25 : INFO : logger : Successfully Instantiated load_data Class Object
07-01-2022 23:36:25 : INFO : logger : Successfully Instantiated Preprocessing Class Object
07-01-2022 23:46:21 : INFO : logger : Successfully Instantiated Outlier Class Object
07-01-2022 23:46:25 : INFO : logger : Missing value of the dataset calculated
07-02-2022 00:13:52 : INFO : logger : Successfully Instantiated Outlier Class Object
07-02-2022 00:13:55 : INFO : logger : Missing value of the dataset calculated
07-02-2022 07:34:03 : INFO : logger : Successfully Instantiated Outlier Class Object
07-02-2022 07:34:10 : INFO : logger : Missing value of the dataset calculated
07-02-2022 08:03:44 : INFO : logger : Successfully Instantiated load_data Class Object
07-02-2022 08:03:44 : INFO : logger : Successfully Instantiated Preprocessing Class Object
07-02-2022 08:03:44 : INFO : logger : Successfully Instantiated Causal Class Object
07-02-2022 08:20:06 : INFO : logger : Missing value of the dataset calculated
07-02-2022 08:44:27 : INFO : logger : Plotting Structure of Model
07-02-2022 09:01:32 : INFO : logger : Plotting Structure of Model
07-02-2022 09:01:54 : INFO : logger : Plotting Structure of Model
07-02-2022 09:04:52 : INFO : logger : Plotting Structure of Model
07-02-2022 09:07:21 : INFO : logger : Plotting Structure of Model
07-02-2022 09:09:02 : INFO : logger : Plotting Structure of Model
07-02-2022 09:09:26 : INFO : logger : Plotting Structure of Model
07-02-2022 09:09:47 : INFO : logger : Plotting Structure of Model
07-02-2022 09:10:02 : INFO : logger : Plotting Structure of Model
07-02-2022 09:21:01 : INFO : logger : Plotting Structure of Model
07-02-2022 09:21:14 : INFO : logger : Plotting Structure of Model
07-02-2022 09:21:20 : INFO : logger : Plotting Structure of Model
07-02-2022 09:21:27 : INFO : logger : Plotting Structure of Model
07-02-2022 09:21:37 : INFO : logger : Plotting Structure of Model
07-02-2022 09:21:43 : INFO : logger : Plotting Structure of Model
07-02-2022 09:21:53 : INFO : logger : Plotting Structure of Model
07-02-2022 09:32:55 : INFO : logger : Plotting Structure of Model
07-02-2022 09:33:02 : INFO : logger : Plotting Structure of Model
07-02-2022 09:38:51 : INFO : logger : Plotting Structure of Model
07-02-2022 09:38:55 : INFO : logger : Plotting Structure of Model
07-02-2022 09:39:02 : INFO : logger : Plotting Structure of Model
07-02-2022 09:39:08 : INFO : logger : Plotting Structure of Model
07-02-2022 09:39:17 : INFO : logger : Plotting Structure of Model
07-02-2022 09:39:22 : INFO : logger : Plotting Structure of Model
07-02-2022 09:39:29 : INFO : logger : Plotting Structure of Model
07-02-2022 09:39:34 : INFO : logger : Plotting Structure of Model
07-02-2022 09:40:43 : INFO : logger : Calculating Jaccard Similarity
07-02-2022 09:40:43 : INFO : logger : calculated Jaccard Similarity
07-02-2022 10:03:48 : INFO : logger : Plotting Structure of Model
07-02-2022 10:04:02 : INFO : logger : Plotting Structure of Model
07-02-2022 10:04:11 : INFO : logger : Plotting Structure of Model
07-02-2022 20:55:49 : INFO : logger : Successfully Instantiated Outlier Class Object
07-02-2022 20:55:54 : INFO : logger : Missing value of the dataset calculated
07-02-2022 21:29:13 : INFO : logger : Plotting Structure of Model
07-02-2022 21:29:39 : INFO : logger : Plotting Structure of Model
07-02-2022 21:33:06 : INFO : logger : Successfully Instantiated Outlier Class Object
07-03-2022 08:06:02 : INFO : logger : Successfully Instantiated Outlier Class Object
07-03-2022 08:06:10 : INFO : logger : Missing value of the dataset calculated
07-03-2022 08:36:48 : INFO : logger : Discretising Data
07-03-2022 08:36:48 : INFO : logger : Discretised Data
07-03-2022 08:37:07 : INFO : logger : Discretising Data
07-03-2022 08:37:08 : INFO : logger : Discretised Data
